#
# There is insufficient memory for the Java Runtime Environment to continue.
# Native memory allocation (malloc) failed to allocate 1048576 bytes. Error detail: AllocateHeap
# Possible reasons:
#   The system is out of physical RAM or swap space
#   This process is running with CompressedOops enabled, and the Java Heap may be blocking the growth of the native heap
# Possible solutions:
#   Reduce memory load on the system
#   Increase physical memory or swap space
#   Check if swap backing store is full
#   Decrease Java heap size (-Xmx/-Xms)
#   Decrease number of Java threads
#   Decrease Java thread stack sizes (-Xss)
#   Set larger code cache with -XX:ReservedCodeCacheSize=
#   JVM is running with Unscaled Compressed Oops mode in which the Java heap is
#     placed in the first 4GB address space. The Java Heap base address is the
#     maximum limit for the native heap growth. Please use -XX:HeapBaseMinAddress
#     to set the Java Heap base and to place the Java Heap above 4GB virtual address.
# This output file may be truncated or incomplete.
#
#  Out of Memory Error (allocation.cpp:44), pid=35584, tid=40544
#
# JRE version: OpenJDK Runtime Environment Temurin-21.0.10+7 (21.0.10+7) (build 21.0.10+7-LTS)
# Java VM: OpenJDK 64-Bit Server VM Temurin-21.0.10+7 (21.0.10+7-LTS, mixed mode, sharing, tiered, compressed oops, compressed class ptrs, parallel gc, windows-amd64)
# No core dump will be written. Minidumps are not enabled by default on client versions of Windows
#

---------------  S U M M A R Y ------------

Command Line: --add-modules=ALL-SYSTEM --add-opens=java.base/java.util=ALL-UNNAMED --add-opens=java.base/java.lang=ALL-UNNAMED --add-opens=java.base/sun.nio.fs=ALL-UNNAMED -Declipse.application=org.eclipse.jdt.ls.core.id1 -Dosgi.bundles.defaultStartLevel=4 -Declipse.product=org.eclipse.jdt.ls.core.product -Djava.import.generatesMetadataFilesAtProjectRoot=false -DDetectVMInstallationsJob.disabled=true -Dfile.encoding=utf8 -XX:+UseParallelGC -XX:GCTimeRatio=4 -XX:AdaptiveSizePolicyWeight=90 -Dsun.zip.disableMemoryMapping=true -Xmx2G -Xms100m -Xlog:disable -javaagent:c:\Users\AbhishekDhankhar\.vscode\extensions\redhat.java-1.53.0-win32-x64\lombok\lombok-1.18.39-4050.jar -XX:+HeapDumpOnOutOfMemoryError -XX:HeapDumpPath=c:\Users\AbhishekDhankhar\AppData\Roaming\Code\User\workspaceStorage\fd506bc7c8beeff290df24f8386e2c08\redhat.java -Daether.dependencyCollector.impl=bf c:\Users\AbhishekDhankhar\.vscode\extensions\redhat.java-1.53.0-win32-x64\server\plugins\org.eclipse.equinox.launcher_1.7.100.v20251111-0406.jar -configuration c:\Users\AbhishekDhankhar\AppData\Roaming\Code\User\globalStorage\redhat.java\1.53.0\config_win -data c:\Users\AbhishekDhankhar\AppData\Roaming\Code\User\workspaceStorage\fd506bc7c8beeff290df24f8386e2c08\redhat.java\jdt_ws --pipe=\\.\pipe\lsp-4ddc75d1a2ec21b89dc901f580e308f5-sock

Host: 13th Gen Intel(R) Core(TM) i7-1355U, 12 cores, 15G,  Windows 11 , 64 bit Build 26100 (10.0.26100.5074)
Time: Mon Mar 30 17:28:17 2026 India Standard Time elapsed time: 685.114607 seconds (0d 0h 11m 25s)

---------------  T H R E A D  ---------------

Current thread (0x0000016fa7acf0f0):  JavaThread "Attach Listener" daemon [_thread_in_vm, id=40544, stack(0x000000434f500000,0x000000434f600000) (1024K)]

Stack: [0x000000434f500000,0x000000434f600000]
Native frames: (J=compiled Java code, j=interpreted, Vv=VM code, C=native code)
V  [jvm.dll+0x6d7a39]
V  [jvm.dll+0x8b4b26]
V  [jvm.dll+0x8b70de]
V  [jvm.dll+0x8b77c3]
V  [jvm.dll+0x284346]
V  [jvm.dll+0xc1277]
V  [jvm.dll+0x6d82e9]
V  [jvm.dll+0x1334a6]
V  [jvm.dll+0x3f857e]
V  [jvm.dll+0x85f59d]
V  [jvm.dll+0x6d626d]
C  [ucrtbase.dll+0x37b0]
C  [KERNEL32.DLL+0x2e8d7]
C  [ntdll.dll+0x8d9c]


---------------  P R O C E S S  ---------------

Threads class SMR info:
_java_thread_list=0x0000016fefc4de40, length=65, elements={
0x0000016f8e5296f0, 0x0000016fa7ac9390, 0x0000016f910ee800, 0x0000016fa7acd220,
0x0000016fa7acf0f0, 0x0000016fa7ad62f0, 0x0000016fe9f2ad00, 0x0000016fa7add6a0,
0x0000016fe9f33b60, 0x0000016fe9f2d460, 0x0000016fe9f29fe0, 0x0000016fe9f2a670,
0x0000016fe9f2cdd0, 0x0000016fe9f2b390, 0x0000016fe9f2ba20, 0x0000016fe9f2c0b0,
0x0000016fe9fa44c0, 0x0000016fe9fa3e30, 0x0000016fe9fa3110, 0x0000016fe9fa51e0,
0x0000016fe9fa7fd0, 0x0000016fe9fa5f00, 0x0000016fe9fa72b0, 0x0000016fe9fa9380,
0x0000016fe9fa7940, 0x0000016fe9fa8660, 0x0000016ff29e1730, 0x0000016ff29e3e90,
0x0000016ff29e3800, 0x0000016ff29e2450, 0x0000016ff29e0a10, 0x0000016ff29e4520,
0x0000016ff29e1dc0, 0x0000016ff29e2ae0, 0x0000016ff29e65f0, 0x0000016ff29e4bb0,
0x0000016fef423980, 0x0000016fef420b90, 0x0000016ff301c840, 0x0000016ff323dd70,
0x0000016ff323f7b0, 0x0000016ff32411f0, 0x0000016ff32425a0, 0x0000016ff32432c0,
0x0000016ff323fe40, 0x0000016ff3241880, 0x0000016ff0d143c0, 0x0000016ff0d122f0,
0x0000016ff0d15770, 0x0000016ff0d150e0, 0x0000016ff0d15e00, 0x0000016ff0d12980,
0x0000016ff0d16b20, 0x0000016fe9fa6c20, 0x0000016fef420500, 0x0000016ff301ae00,
0x0000016ff301c1b0, 0x0000016ff301b490, 0x0000016ff29e58d0, 0x0000016ff29e3170,
0x0000016ff29e5240, 0x0000016ff323c9c0, 0x0000016ff301efa0, 0x0000016fef4218b0,
0x0000016fef4232f0
}

Java Threads: ( => current thread )
  0x0000016f8e5296f0 JavaThread "main"                              [_thread_blocked, id=49652, stack(0x000000434ee00000,0x000000434ef00000) (1024K)]
  0x0000016fa7ac9390 JavaThread "Reference Handler"          daemon [_thread_blocked, id=23580, stack(0x000000434f200000,0x000000434f300000) (1024K)]
  0x0000016f910ee800 JavaThread "Finalizer"                  daemon [_thread_blocked, id=22388, stack(0x000000434f300000,0x000000434f400000) (1024K)]
  0x0000016fa7acd220 JavaThread "Signal Dispatcher"          daemon [_thread_blocked, id=43848, stack(0x000000434f400000,0x000000434f500000) (1024K)]
=>0x0000016fa7acf0f0 JavaThread "Attach Listener"            daemon [_thread_in_vm, id=40544, stack(0x000000434f500000,0x000000434f600000) (1024K)]
  0x0000016fa7ad62f0 JavaThread "Service Thread"             daemon [_thread_blocked, id=18928, stack(0x000000434f600000,0x000000434f700000) (1024K)]
  0x0000016fe9f2ad00 JavaThread "Monitor Deflation Thread"   daemon [_thread_blocked, id=24892, stack(0x000000434f700000,0x000000434f800000) (1024K)]
  0x0000016fa7add6a0 JavaThread "C2 CompilerThread0"         daemon [_thread_blocked, id=48756, stack(0x000000434f800000,0x000000434f900000) (1024K)]
  0x0000016fe9f33b60 JavaThread "C1 CompilerThread0"         daemon [_thread_blocked, id=39692, stack(0x000000434f900000,0x000000434fa00000) (1024K)]
  0x0000016fe9f2d460 JavaThread "Common-Cleaner"             daemon [_thread_blocked, id=27820, stack(0x000000434fb00000,0x000000434fc00000) (1024K)]
  0x0000016fe9f29fe0 JavaThread "Notification Thread"        daemon [_thread_blocked, id=24504, stack(0x000000434fc00000,0x000000434fd00000) (1024K)]
  0x0000016fe9f2a670 JavaThread "Active Thread: Equinox Container: b73b351a-e4a2-42b2-8be5-1ed38d2032e7"        [_thread_blocked, id=47784, stack(0x0000004350400000,0x0000004350500000) (1024K)]
  0x0000016fe9f2cdd0 JavaThread "Refresh Thread: Equinox Container: b73b351a-e4a2-42b2-8be5-1ed38d2032e7" daemon [_thread_blocked, id=40148, stack(0x000000434fd00000,0x000000434fe00000) (1024K)]
  0x0000016fe9f2b390 JavaThread "Framework Event Dispatcher: Equinox Container: b73b351a-e4a2-42b2-8be5-1ed38d2032e7" daemon [_thread_blocked, id=7640, stack(0x0000004350500000,0x0000004350600000) (1024K)]
  0x0000016fe9f2ba20 JavaThread "Start Level: Equinox Container: b73b351a-e4a2-42b2-8be5-1ed38d2032e7" daemon [_thread_blocked, id=20868, stack(0x0000004350600000,0x0000004350700000) (1024K)]
  0x0000016fe9f2c0b0 JavaThread "Bundle File Closer"         daemon [_thread_blocked, id=26516, stack(0x0000004350a00000,0x0000004350b00000) (1024K)]
  0x0000016fe9fa44c0 JavaThread "SCR Component Actor"        daemon [_thread_blocked, id=42428, stack(0x0000004350b00000,0x0000004350c00000) (1024K)]
  0x0000016fe9fa3e30 JavaThread "Worker-JM"                         [_thread_blocked, id=38396, stack(0x0000004350c00000,0x0000004350d00000) (1024K)]
  0x0000016fe9fa3110 JavaThread "JNA Cleaner"                daemon [_thread_blocked, id=27072, stack(0x0000004350d00000,0x0000004350e00000) (1024K)]
  0x0000016fe9fa51e0 JavaThread "Java indexing"              daemon [_thread_blocked, id=34388, stack(0x0000004351100000,0x0000004351200000) (1024K)]
  0x0000016fe9fa7fd0 JavaThread "Thread-1"                   daemon [_thread_in_native, id=3356, stack(0x0000004351700000,0x0000004351800000) (1024K)]
  0x0000016fe9fa5f00 JavaThread "Thread-2"                   daemon [_thread_in_native, id=14028, stack(0x0000004351800000,0x0000004351900000) (1024K)]
  0x0000016fe9fa72b0 JavaThread "Thread-3"                   daemon [_thread_in_native, id=21104, stack(0x0000004351900000,0x0000004351a00000) (1024K)]
  0x0000016fe9fa9380 JavaThread "Thread-4"                   daemon [_thread_in_native, id=51032, stack(0x0000004351a00000,0x0000004351b00000) (1024K)]
  0x0000016fe9fa7940 JavaThread "Thread-5"                   daemon [_thread_in_native, id=23284, stack(0x0000004351b00000,0x0000004351c00000) (1024K)]
  0x0000016fe9fa8660 JavaThread "Thread-6"                   daemon [_thread_in_native, id=38296, stack(0x0000004351c00000,0x0000004351d00000) (1024K)]
  0x0000016ff29e1730 JavaThread "Thread-7"                   daemon [_thread_in_native, id=37948, stack(0x0000004351d00000,0x0000004351e00000) (1024K)]
  0x0000016ff29e3e90 JavaThread "Thread-8"                   daemon [_thread_in_native, id=14744, stack(0x0000004351e00000,0x0000004351f00000) (1024K)]
  0x0000016ff29e3800 JavaThread "Thread-9"                   daemon [_thread_in_native, id=39720, stack(0x0000004351f00000,0x0000004352000000) (1024K)]
  0x0000016ff29e2450 JavaThread "Thread-10"                  daemon [_thread_in_native, id=22476, stack(0x0000004352000000,0x0000004352100000) (1024K)]
  0x0000016ff29e0a10 JavaThread "Thread-11"                  daemon [_thread_in_native, id=13504, stack(0x0000004352100000,0x0000004352200000) (1024K)]
  0x0000016ff29e4520 JavaThread "Thread-12"                  daemon [_thread_in_native, id=42720, stack(0x0000004352200000,0x0000004352300000) (1024K)]
  0x0000016ff29e1dc0 JavaThread "Thread-13"                  daemon [_thread_in_native, id=19280, stack(0x0000004352300000,0x0000004352400000) (1024K)]
  0x0000016ff29e2ae0 JavaThread "pool-2-thread-1"                   [_thread_blocked, id=44764, stack(0x0000004352400000,0x0000004352500000) (1024K)]
  0x0000016ff29e65f0 JavaThread "WorkspaceEventsHandler"            [_thread_blocked, id=44680, stack(0x0000004352600000,0x0000004352700000) (1024K)]
  0x0000016ff29e4bb0 JavaThread "pool-1-thread-1"                   [_thread_blocked, id=30916, stack(0x0000004352700000,0x0000004352800000) (1024K)]
  0x0000016fef423980 JavaThread "Compiler Source File Reader" daemon [_thread_blocked, id=15276, stack(0x0000004352d00000,0x0000004352e00000) (1024K)]
  0x0000016fef420b90 JavaThread "Compiler Source File Reader" daemon [_thread_blocked, id=25084, stack(0x0000004352f00000,0x0000004353000000) (1024K)]
  0x0000016ff301c840 JavaThread "Compiler Source File Reader" daemon [_thread_blocked, id=27004, stack(0x0000004353500000,0x0000004353600000) (1024K)]
  0x0000016ff323dd70 JavaThread "Worker-5: Building"                [_thread_blocked, id=22020, stack(0x0000004354300000,0x0000004354400000) (1024K)]
  0x0000016ff323f7b0 JavaThread "ForkJoinPool.commonPool-worker-1" daemon [_thread_blocked, id=22188, stack(0x0000004353600000,0x0000004353700000) (1024K)]
  0x0000016ff32411f0 JavaThread "ForkJoinPool.commonPool-worker-2" daemon [_thread_blocked, id=38516, stack(0x0000004354c00000,0x0000004354d00000) (1024K)]
  0x0000016ff32425a0 JavaThread "ForkJoinPool.commonPool-worker-3" daemon [_thread_blocked, id=12640, stack(0x0000004354d00000,0x0000004354e00000) (1024K)]
  0x0000016ff32432c0 JavaThread "ForkJoinPool.commonPool-worker-4" daemon [_thread_blocked, id=18780, stack(0x0000004354e00000,0x0000004354f00000) (1024K)]
  0x0000016ff323fe40 JavaThread "ForkJoinPool.commonPool-worker-5" daemon [_thread_blocked, id=20144, stack(0x0000004354f00000,0x0000004355000000) (1024K)]
  0x0000016ff3241880 JavaThread "LocalFile Deleter"          daemon [_thread_blocked, id=22904, stack(0x000000434ec00000,0x000000434ed00000) (1024K)]
  0x0000016ff0d143c0 JavaThread "LocalFile Deleter"          daemon [_thread_blocked, id=51560, stack(0x0000004354900000,0x0000004354a00000) (1024K)]
  0x0000016ff0d122f0 JavaThread "ForkJoinPool.commonPool-worker-7" daemon [_thread_blocked, id=20852, stack(0x0000004354b00000,0x0000004354c00000) (1024K)]
  0x0000016ff0d15770 JavaThread "ForkJoinPool.commonPool-worker-8" daemon [_thread_blocked, id=52612, stack(0x0000004355100000,0x0000004355200000) (1024K)]
  0x0000016ff0d150e0 JavaThread "ForkJoinPool.commonPool-worker-9" daemon [_thread_blocked, id=15044, stack(0x000000434eb00000,0x000000434ec00000) (1024K)]
  0x0000016ff0d15e00 JavaThread "ForkJoinPool.commonPool-worker-10" daemon [_thread_blocked, id=30120, stack(0x0000004354a00000,0x0000004354b00000) (1024K)]
  0x0000016ff0d12980 JavaThread "ForkJoinPool.commonPool-worker-11" daemon [_thread_blocked, id=34624, stack(0x0000004355200000,0x0000004355300000) (1024K)]
  0x0000016ff0d16b20 JavaThread "Cleaner-0"                  daemon [_thread_blocked, id=38360, stack(0x0000004355500000,0x0000004355600000) (1024K)]
  0x0000016fe9fa6c20 JavaThread "Worker-14"                         [_thread_blocked, id=39552, stack(0x0000004351200000,0x0000004351300000) (1024K)]
  0x0000016fef420500 JavaThread "ForkJoinPool.commonPool-worker-12" daemon [_thread_blocked, id=42128, stack(0x0000004351600000,0x0000004351700000) (1024K)]
  0x0000016ff301ae00 JavaThread "Compiler Source File Reader" daemon [_thread_blocked, id=16440, stack(0x0000004352800000,0x0000004352900000) (1024K)]
  0x0000016ff301c1b0 JavaThread "Compiler Source File Reader" daemon [_thread_blocked, id=44980, stack(0x000000434ed00000,0x000000434ee00000) (1024K)]
  0x0000016ff301b490 JavaThread "Compiler Source File Reader" daemon [_thread_blocked, id=19544, stack(0x0000004350e00000,0x0000004350f00000) (1024K)]
  0x0000016ff29e58d0 JavaThread "Compiler Source File Reader" daemon [_thread_blocked, id=18816, stack(0x0000004352a00000,0x0000004352b00000) (1024K)]
  0x0000016ff29e3170 JavaThread "Compiler Source File Reader" daemon [_thread_blocked, id=20632, stack(0x0000004352c00000,0x0000004352d00000) (1024K)]
  0x0000016ff29e5240 JavaThread "Compiler Source File Reader" daemon [_thread_blocked, id=49872, stack(0x0000004352e00000,0x0000004352f00000) (1024K)]
  0x0000016ff323c9c0 JavaThread "Compiler Source File Reader" daemon [_thread_blocked, id=27328, stack(0x0000004353200000,0x0000004353300000) (1024K)]
  0x0000016ff301efa0 JavaThread "Worker-18"                         [_thread_blocked, id=52796, stack(0x0000004350700000,0x0000004350800000) (1024K)]
  0x0000016fef4218b0 JavaThread "Worker-19"                         [_thread_blocked, id=40144, stack(0x0000004350f00000,0x0000004351000000) (1024K)]
  0x0000016fef4232f0 JavaThread "Compiler Processing Task"   daemon [_thread_blocked, id=29420, stack(0x0000004351000000,0x0000004351100000) (1024K)]
Total: 65

Other Threads:
  0x0000016f910d7a90 VMThread "VM Thread"                           [id=14004, stack(0x000000434f100000,0x000000434f200000) (1024K)] _threads_hazard_ptr=0x0000016fefc4de40
  0x0000016fa79bca00 WatcherThread "VM Periodic Task Thread"        [id=46844, stack(0x000000434f000000,0x000000434f100000) (1024K)]
  0x0000016f91053e40 WorkerThread "GC Thread#0"                     [id=28160, stack(0x000000434ef00000,0x000000434f000000) (1024K)]
  0x0000016fef7b78b0 WorkerThread "GC Thread#1"                     [id=25976, stack(0x000000434fe00000,0x000000434ff00000) (1024K)]
  0x0000016fef7b5ee0 WorkerThread "GC Thread#2"                     [id=16544, stack(0x000000434ff00000,0x0000004350000000) (1024K)]
  0x0000016fef7b6da0 WorkerThread "GC Thread#3"                     [id=35636, stack(0x0000004350000000,0x0000004350100000) (1024K)]
  0x0000016fef7b7500 WorkerThread "GC Thread#4"                     [id=52036, stack(0x0000004350100000,0x0000004350200000) (1024K)]
  0x0000016fef7b69f0 WorkerThread "GC Thread#5"                     [id=36672, stack(0x0000004350200000,0x0000004350300000) (1024K)]
  0x0000016fef7b7150 WorkerThread "GC Thread#6"                     [id=39540, stack(0x0000004350300000,0x0000004350400000) (1024K)]
  0x0000016fef01e5c0 WorkerThread "GC Thread#7"                     [id=50404, stack(0x000000434fa00000,0x000000434fb00000) (1024K)]
  0x0000016fef01cfa0 WorkerThread "GC Thread#8"                     [id=32828, stack(0x0000004350800000,0x0000004350900000) (1024K)]
  0x0000016fef01e210 WorkerThread "GC Thread#9"                     [id=19772, stack(0x0000004350900000,0x0000004350a00000) (1024K)]
Total: 12

Threads with active compile tasks:
Total: 0

VM state: synchronizing (normal execution)

VM Mutex/Monitor currently owned by a thread:  ([mutex/lock_event])
[0x00007ffb341ee560] Threads_lock - owner thread: 0x0000016f910d7a90
[0x00007ffb341ee660] Heap_lock - owner thread: 0x0000016ff323dd70

Heap address: 0x0000000080000000, size: 2048 MB, Compressed Oops mode: 32-bit

CDS archive(s) mapped at: [0x0000016fa8000000-0x0000016fa8ba0000-0x0000016fa8ba0000), size 12189696, SharedBaseAddress: 0x0000016fa8000000, ArchiveRelocationMode: 1.
Compressed class space mapped at: 0x0000016fa9000000-0x0000016fe9000000, reserved size: 1073741824
Narrow klass base: 0x0000016fa8000000, Narrow klass shift: 0, Narrow klass range: 0x100000000

GC Precious Log:
 CardTable entry size: 512
 CPUs: 12 total, 12 available
 Memory: 16057M
 Large Page Support: Disabled
 NUMA Support: Disabled
 Compressed Oops: Enabled (32-bit)
 Alignments: Space 512K, Generation 512K, Heap 2M
 Heap Min Capacity: 100M
 Heap Initial Capacity: 100M
 Heap Max Capacity: 2G
 Pre-touch: Disabled
 Parallel Workers: 10

Heap:
 PSYoungGen      total 5632K, used 5408K [0x00000000d5580000, 0x00000000d5e80000, 0x0000000100000000)
  eden space 4608K, 100% used [0x00000000d5580000,0x00000000d5a00000,0x00000000d5a00000)
  from space 1024K, 78% used [0x00000000d5d80000,0x00000000d5e48020,0x00000000d5e80000)
  to   space 2048K, 0% used [0x00000000d5a80000,0x00000000d5a80000,0x00000000d5c80000)
 ParOldGen       total 1127936K, used 1126901K [0x0000000080000000, 0x00000000c4d80000, 0x00000000d5580000)
  object space 1127936K, 99% used [0x0000000080000000,0x00000000c4c7d770,0x00000000c4d80000)
 Metaspace       used 98256K, committed 100224K, reserved 1179648K
  class space    used 9837K, committed 10752K, reserved 1048576K

Card table byte_map: [0x0000016f909d0000,0x0000016f90de0000] _byte_map_base: 0x0000016f905d0000

Marking Bits: (ParMarkBitMap*) 0x00007ffb341f3450
 Begin Bits: [0x0000016fa34e0000, 0x0000016fa54e0000)
 End Bits:   [0x0000016fa54e0000, 0x0000016fa74e0000)

Polling page: 0x0000016f8eef0000

Metaspace:

Usage:
  Non-class:     86.35 MB used.
      Class:      9.61 MB used.
       Both:     95.95 MB used.

Virtual space:
  Non-class space:      128.00 MB reserved,      87.38 MB ( 68%) committed,  2 nodes.
      Class space:        1.00 GB reserved,      10.50 MB (  1%) committed,  1 nodes.
             Both:        1.12 GB reserved,      97.88 MB (  8%) committed. 

Chunk freelists:
   Non-Class:  8.45 MB
       Class:  5.38 MB
        Both:  13.84 MB

MaxMetaspaceSize: unlimited
CompressedClassSpaceSize: 1.00 GB
Initial GC threshold: 21.00 MB
Current GC threshold: 161.50 MB
CDS: on
 - commit_granule_bytes: 65536.
 - commit_granule_words: 8192.
 - virtual_space_node_default_size: 8388608.
 - enlarge_chunks_in_place: 1.
 - use_allocation_guard: 0.


Internal statistics:

num_allocs_failed_limit: 9.
num_arena_births: 1950.
num_arena_deaths: 24.
num_vsnodes_births: 3.
num_vsnodes_deaths: 0.
num_space_committed: 1570.
num_space_uncommitted: 3.
num_chunks_returned_to_freelist: 61.
num_chunks_taken_from_freelist: 6841.
num_chunk_merges: 21.
num_chunk_splits: 4140.
num_chunks_enlarged: 2273.
num_inconsistent_stats: 0.

CodeHeap 'non-profiled nmethods': size=120000Kb used=24052Kb max_used=24052Kb free=95948Kb
 bounds [0x0000016f9bd00000, 0x0000016f9d480000, 0x0000016fa3230000]
CodeHeap 'profiled nmethods': size=120000Kb used=46341Kb max_used=50165Kb free=73658Kb
 bounds [0x0000016f94230000, 0x0000016f97400000, 0x0000016f9b760000]
CodeHeap 'non-nmethods': size=5760Kb used=1540Kb max_used=1645Kb free=4220Kb
 bounds [0x0000016f9b760000, 0x0000016f9b9d0000, 0x0000016f9bd00000]
CodeCache: size=245760Kb, used=71933Kb, max_used=75862Kb, free=173826Kb
 total_blobs=20725, nmethods=19863, adapters=765, full_count=0
Compilation: enabled, stopped_count=0, restarted_count=0

Compilation events (20 events):
Event: 680.839 Thread 0x0000016fe9f33b60 nmethod 27463 0x0000016f964fcd10 code [0x0000016f964fcec0, 0x0000016f964fd098]
Event: 680.839 Thread 0x0000016fe9f33b60 27464       3       org.eclipse.jdt.core.dom.VariableDeclarationFragment::propertyDescriptors (14 bytes)
Event: 680.839 Thread 0x0000016fe9f33b60 nmethod 27464 0x0000016f970ddf10 code [0x0000016f970de0c0, 0x0000016f970de218]
Event: 680.844 Thread 0x0000016fe9f33b60 27466       3       org.eclipse.jdt.internal.core.dom.rewrite.ASTRewriteFlattener::visitList (94 bytes)
Event: 680.845 Thread 0x0000016fe9f33b60 nmethod 27466 0x0000016f96589c10 code [0x0000016f96589ec0, 0x0000016f9658ac18]
Event: 680.847 Thread 0x0000016fe9f33b60 27467       3       org.eclipse.jdt.internal.formatter.linewrap.WrapPreparator::handleWrap (8 bytes)
Event: 680.847 Thread 0x0000016fe9f33b60 nmethod 27467 0x0000016f968b5a10 code [0x0000016f968b5bc0, 0x0000016f968b5d08]
Event: 680.847 Thread 0x0000016fe9f33b60 27468       3       org.eclipse.jdt.internal.formatter.linewrap.WrapPreparator::handleWrap (45 bytes)
Event: 680.847 Thread 0x0000016fe9f33b60 nmethod 27468 0x0000016f968b5310 code [0x0000016f968b5500, 0x0000016f968b58c8]
Event: 680.847 Thread 0x0000016fe9f33b60 27469       3       org.eclipse.jdt.internal.formatter.linewrap.WrapPreparator::doHandleWrap (518 bytes)
Event: 680.849 Thread 0x0000016fe9f33b60 nmethod 27469 0x0000016f943ca010 code [0x0000016f943ca460, 0x0000016f943cc350]
Event: 680.849 Thread 0x0000016fe9f33b60 27470       3       org.eclipse.jdt.internal.core.dom.rewrite.ASTRewriteFlattener::getChildNode (10 bytes)
Event: 680.851 Thread 0x0000016fe9f33b60 nmethod 27470 0x0000016f9623d310 code [0x0000016f9623d520, 0x0000016f9623dae8]
Event: 680.854 Thread 0x0000016fe9f33b60 27471       3       org.eclipse.jdt.internal.formatter.Token::putLineBreaksBefore (13 bytes)
Event: 680.854 Thread 0x0000016fe9f33b60 nmethod 27471 0x0000016f968b4f10 code [0x0000016f968b50c0, 0x0000016f968b5278]
Event: 680.860 Thread 0x0000016fa7add6a0 nmethod 27453 0x0000016f9d479b10 code [0x0000016f9d479de0, 0x0000016f9d47abf0]
Event: 680.860 Thread 0x0000016fa7add6a0 27465       4       org.eclipse.jdt.internal.core.dom.rewrite.RewriteEventStore::validateHasChildProperty (43 bytes)
Event: 680.875 Thread 0x0000016fa7add6a0 nmethod 27465 0x0000016f9d47b610 code [0x0000016f9d47b840, 0x0000016f9d47bf70]
Event: 680.875 Thread 0x0000016fa7add6a0 27452   !   4       org.eclipse.jdt.core.dom.AbstractTypeDeclaration::getName (61 bytes)
Event: 680.884 Thread 0x0000016fa7add6a0 nmethod 27452 0x0000016f9d47c510 code [0x0000016f9d47c700, 0x0000016f9d47cc70]

GC Heap History (20 events):
Event: 680.519 GC heap before
{Heap before GC invocations=3230 (full 7):
 PSYoungGen      total 5120K, used 5096K [0x00000000d5580000, 0x00000000d6f80000, 0x0000000100000000)
  eden space 512K, 100% used [0x00000000d5580000,0x00000000d5600000,0x00000000d5600000)
  from space 4608K, 99% used [0x00000000d6000000,0x00000000d647a040,0x00000000d6480000)
  to   space 10240K, 0% used [0x00000000d5600000,0x00000000d5600000,0x00000000d6000000)
 ParOldGen       total 1101824K, used 1101409K [0x0000000080000000, 0x00000000c3400000, 0x00000000d5580000)
  object space 1101824K, 99% used [0x0000000080000000,0x00000000c33986a8,0x00000000c3400000)
 Metaspace       used 98219K, committed 100224K, reserved 1179648K
  class space    used 9837K, committed 10752K, reserved 1048576K
}
Event: 680.527 GC heap after
{Heap after GC invocations=3230 (full 7):
 PSYoungGen      total 1536K, used 626K [0x00000000d5580000, 0x00000000d6080000, 0x0000000100000000)
  eden space 512K, 0% used [0x00000000d5580000,0x00000000d5580000,0x00000000d5600000)
  from space 1024K, 61% used [0x00000000d5600000,0x00000000d569c8b0,0x00000000d5700000)
  to   space 4096K, 0% used [0x00000000d5c80000,0x00000000d5c80000,0x00000000d6080000)
 ParOldGen       total 1106432K, used 1105989K [0x0000000080000000, 0x00000000c3880000, 0x00000000d5580000)
  object space 1106432K, 99% used [0x0000000080000000,0x00000000c3811730,0x00000000c3880000)
 Metaspace       used 98219K, committed 100224K, reserved 1179648K
  class space    used 9837K, committed 10752K, reserved 1048576K
}
Event: 680.529 GC heap before
{Heap before GC invocations=3231 (full 7):
 PSYoungGen      total 1536K, used 1138K [0x00000000d5580000, 0x00000000d6080000, 0x0000000100000000)
  eden space 512K, 99% used [0x00000000d5580000,0x00000000d55fffb8,0x00000000d5600000)
  from space 1024K, 61% used [0x00000000d5600000,0x00000000d569c8b0,0x00000000d5700000)
  to   space 4096K, 0% used [0x00000000d5c80000,0x00000000d5c80000,0x00000000d6080000)
 ParOldGen       total 1106432K, used 1105989K [0x0000000080000000, 0x00000000c3880000, 0x00000000d5580000)
  object space 1106432K, 99% used [0x0000000080000000,0x00000000c3811730,0x00000000c3880000)
 Metaspace       used 98219K, committed 100224K, reserved 1179648K
  class space    used 9837K, committed 10752K, reserved 1048576K
}
Event: 680.533 GC heap after
{Heap after GC invocations=3231 (full 7):
 PSYoungGen      total 2048K, used 608K [0x00000000d5580000, 0x00000000d5d80000, 0x0000000100000000)
  eden space 1024K, 0% used [0x00000000d5580000,0x00000000d5580000,0x00000000d5680000)
  from space 1024K, 59% used [0x00000000d5c80000,0x00000000d5d18000,0x00000000d5d80000)
  to   space 1536K, 0% used [0x00000000d5a80000,0x00000000d5a80000,0x00000000d5c00000)
 ParOldGen       total 1106944K, used 1106492K [0x0000000080000000, 0x00000000c3900000, 0x00000000d5580000)
  object space 1106944K, 99% used [0x0000000080000000,0x00000000c388f3c0,0x00000000c3900000)
 Metaspace       used 98219K, committed 100224K, reserved 1179648K
  class space    used 9837K, committed 10752K, reserved 1048576K
}
Event: 680.539 GC heap before
{Heap before GC invocations=3232 (full 7):
 PSYoungGen      total 2048K, used 1632K [0x00000000d5580000, 0x00000000d5d80000, 0x0000000100000000)
  eden space 1024K, 100% used [0x00000000d5580000,0x00000000d5680000,0x00000000d5680000)
  from space 1024K, 59% used [0x00000000d5c80000,0x00000000d5d18000,0x00000000d5d80000)
  to   space 1536K, 0% used [0x00000000d5a80000,0x00000000d5a80000,0x00000000d5c00000)
 ParOldGen       total 1106944K, used 1106492K [0x0000000080000000, 0x00000000c3900000, 0x00000000d5580000)
  object space 1106944K, 99% used [0x0000000080000000,0x00000000c388f3c0,0x00000000c3900000)
 Metaspace       used 98219K, committed 100224K, reserved 1179648K
  class space    used 9837K, committed 10752K, reserved 1048576K
}
Event: 680.543 GC heap after
{Heap after GC invocations=3232 (full 7):
 PSYoungGen      total 3072K, used 1133K [0x00000000d5580000, 0x00000000d5d00000, 0x0000000100000000)
  eden space 1536K, 0% used [0x00000000d5580000,0x00000000d5580000,0x00000000d5700000)
  from space 1536K, 73% used [0x00000000d5a80000,0x00000000d5b9b6b0,0x00000000d5c00000)
  to   space 1024K, 0% used [0x00000000d5c00000,0x00000000d5c00000,0x00000000d5d00000)
 ParOldGen       total 1107456K, used 1107000K [0x0000000080000000, 0x00000000c3980000, 0x00000000d5580000)
  object space 1107456K, 99% used [0x0000000080000000,0x00000000c390e008,0x00000000c3980000)
 Metaspace       used 98219K, committed 100224K, reserved 1179648K
  class space    used 9837K, committed 10752K, reserved 1048576K
}
Event: 680.552 GC heap before
{Heap before GC invocations=3233 (full 7):
 PSYoungGen      total 3072K, used 2669K [0x00000000d5580000, 0x00000000d5d00000, 0x0000000100000000)
  eden space 1536K, 100% used [0x00000000d5580000,0x00000000d5700000,0x00000000d5700000)
  from space 1536K, 73% used [0x00000000d5a80000,0x00000000d5b9b6b0,0x00000000d5c00000)
  to   space 1024K, 0% used [0x00000000d5c00000,0x00000000d5c00000,0x00000000d5d00000)
 ParOldGen       total 1107456K, used 1107000K [0x0000000080000000, 0x00000000c3980000, 0x00000000d5580000)
  object space 1107456K, 99% used [0x0000000080000000,0x00000000c390e008,0x00000000c3980000)
 Metaspace       used 98219K, committed 100224K, reserved 1179648K
  class space    used 9837K, committed 10752K, reserved 1048576K
}
Event: 680.557 GC heap after
{Heap after GC invocations=3233 (full 7):
 PSYoungGen      total 3072K, used 1023K [0x00000000d5580000, 0x00000000d5d80000, 0x0000000100000000)
  eden space 2048K, 0% used [0x00000000d5580000,0x00000000d5580000,0x00000000d5780000)
  from space 1024K, 99% used [0x00000000d5c00000,0x00000000d5cffdc8,0x00000000d5d00000)
  to   space 3072K, 0% used [0x00000000d5780000,0x00000000d5780000,0x00000000d5a80000)
 ParOldGen       total 1108992K, used 1108484K [0x0000000080000000, 0x00000000c3b00000, 0x00000000d5580000)
  object space 1108992K, 99% used [0x0000000080000000,0x00000000c3a811c8,0x00000000c3b00000)
 Metaspace       used 98219K, committed 100224K, reserved 1179648K
  class space    used 9837K, committed 10752K, reserved 1048576K
}
Event: 680.567 GC heap before
{Heap before GC invocations=3234 (full 7):
 PSYoungGen      total 3072K, used 3071K [0x00000000d5580000, 0x00000000d5d80000, 0x0000000100000000)
  eden space 2048K, 100% used [0x00000000d5580000,0x00000000d5780000,0x00000000d5780000)
  from space 1024K, 99% used [0x00000000d5c00000,0x00000000d5cffdc8,0x00000000d5d00000)
  to   space 3072K, 0% used [0x00000000d5780000,0x00000000d5780000,0x00000000d5a80000)
 ParOldGen       total 1108992K, used 1108484K [0x0000000080000000, 0x00000000c3b00000, 0x00000000d5580000)
  object space 1108992K, 99% used [0x0000000080000000,0x00000000c3a811c8,0x00000000c3b00000)
 Metaspace       used 98219K, committed 100224K, reserved 1179648K
  class space    used 9837K, committed 10752K, reserved 1048576K
}
Event: 680.572 GC heap after
{Heap after GC invocations=3234 (full 7):
 PSYoungGen      total 5120K, used 2173K [0x00000000d5580000, 0x00000000d5d00000, 0x0000000100000000)
  eden space 2048K, 0% used [0x00000000d5580000,0x00000000d5580000,0x00000000d5780000)
  from space 3072K, 70% used [0x00000000d5780000,0x00000000d599f798,0x00000000d5a80000)
  to   space 2560K, 0% used [0x00000000d5a80000,0x00000000d5a80000,0x00000000d5d00000)
 ParOldGen       total 1110016K, used 1109536K [0x0000000080000000, 0x00000000c3c00000, 0x00000000d5580000)
  object space 1110016K, 99% used [0x0000000080000000,0x00000000c3b88268,0x00000000c3c00000)
 Metaspace       used 98219K, committed 100224K, reserved 1179648K
  class space    used 9837K, committed 10752K, reserved 1048576K
}
Event: 680.578 GC heap before
{Heap before GC invocations=3235 (full 7):
 PSYoungGen      total 5120K, used 4221K [0x00000000d5580000, 0x00000000d5d00000, 0x0000000100000000)
  eden space 2048K, 100% used [0x00000000d5580000,0x00000000d5780000,0x00000000d5780000)
  from space 3072K, 70% used [0x00000000d5780000,0x00000000d599f798,0x00000000d5a80000)
  to   space 2560K, 0% used [0x00000000d5a80000,0x00000000d5a80000,0x00000000d5d00000)
 ParOldGen       total 1110016K, used 1109536K [0x0000000080000000, 0x00000000c3c00000, 0x00000000d5580000)
  object space 1110016K, 99% used [0x0000000080000000,0x00000000c3b88268,0x00000000c3c00000)
 Metaspace       used 98219K, committed 100224K, reserved 1179648K
  class space    used 9837K, committed 10752K, reserved 1048576K
}
Event: 680.583 GC heap after
{Heap after GC invocations=3235 (full 7):
 PSYoungGen      total 5120K, used 2208K [0x00000000d5580000, 0x00000000d5d00000, 0x0000000100000000)
  eden space 2560K, 0% used [0x00000000d5580000,0x00000000d5580000,0x00000000d5800000)
  from space 2560K, 86% used [0x00000000d5a80000,0x00000000d5ca8000,0x00000000d5d00000)
  to   space 2560K, 0% used [0x00000000d5800000,0x00000000d5800000,0x00000000d5a80000)
 ParOldGen       total 1112064K, used 1111592K [0x0000000080000000, 0x00000000c3e00000, 0x00000000d5580000)
  object space 1112064K, 99% used [0x0000000080000000,0x00000000c3d8a330,0x00000000c3e00000)
 Metaspace       used 98219K, committed 100224K, reserved 1179648K
  class space    used 9837K, committed 10752K, reserved 1048576K
}
Event: 680.593 GC heap before
{Heap before GC invocations=3236 (full 7):
 PSYoungGen      total 5120K, used 4641K [0x00000000d5580000, 0x00000000d5d00000, 0x0000000100000000)
  eden space 2560K, 95% used [0x00000000d5580000,0x00000000d57e04b8,0x00000000d5800000)
  from space 2560K, 86% used [0x00000000d5a80000,0x00000000d5ca8000,0x00000000d5d00000)
  to   space 2560K, 0% used [0x00000000d5800000,0x00000000d5800000,0x00000000d5a80000)
 ParOldGen       total 1112064K, used 1111592K [0x0000000080000000, 0x00000000c3e00000, 0x00000000d5580000)
  object space 1112064K, 99% used [0x0000000080000000,0x00000000c3d8a330,0x00000000c3e00000)
 Metaspace       used 98219K, committed 100224K, reserved 1179648K
  class space    used 9837K, committed 10752K, reserved 1048576K
}
Event: 680.600 GC heap after
{Heap after GC invocations=3236 (full 7):
 PSYoungGen      total 5120K, used 2284K [0x00000000d5580000, 0x00000000d5d80000, 0x0000000100000000)
  eden space 2560K, 0% used [0x00000000d5580000,0x00000000d5580000,0x00000000d5800000)
  from space 2560K, 89% used [0x00000000d5800000,0x00000000d5a3b290,0x00000000d5a80000)
  to   space 2560K, 0% used [0x00000000d5b00000,0x00000000d5b00000,0x00000000d5d80000)
 ParOldGen       total 1114112K, used 1113661K [0x0000000080000000, 0x00000000c4000000, 0x00000000d5580000)
  object space 1114112K, 99% used [0x0000000080000000,0x00000000c3f8f5c0,0x00000000c4000000)
 Metaspace       used 98219K, committed 100224K, reserved 1179648K
  class space    used 9837K, committed 10752K, reserved 1048576K
}
Event: 680.617 GC heap before
{Heap before GC invocations=3237 (full 7):
 PSYoungGen      total 5120K, used 4257K [0x00000000d5580000, 0x00000000d5d80000, 0x0000000100000000)
  eden space 2560K, 77% used [0x00000000d5580000,0x00000000d576d4c8,0x00000000d5800000)
  from space 2560K, 89% used [0x00000000d5800000,0x00000000d5a3b290,0x00000000d5a80000)
  to   space 2560K, 0% used [0x00000000d5b00000,0x00000000d5b00000,0x00000000d5d80000)
 ParOldGen       total 1114112K, used 1113661K [0x0000000080000000, 0x00000000c4000000, 0x00000000d5580000)
  object space 1114112K, 99% used [0x0000000080000000,0x00000000c3f8f5c0,0x00000000c4000000)
 Metaspace       used 98219K, committed 100224K, reserved 1179648K
  class space    used 9837K, committed 10752K, reserved 1048576K
}
Event: 680.624 GC heap after
{Heap after GC invocations=3237 (full 7):
 PSYoungGen      total 5120K, used 1696K [0x00000000d5580000, 0x00000000d5d00000, 0x0000000100000000)
  eden space 3072K, 0% used [0x00000000d5580000,0x00000000d5580000,0x00000000d5880000)
  from space 2048K, 82% used [0x00000000d5b00000,0x00000000d5ca8000,0x00000000d5d00000)
  to   space 2048K, 0% used [0x00000000d5900000,0x00000000d5900000,0x00000000d5b00000)
 ParOldGen       total 1116160K, used 1115668K [0x0000000080000000, 0x00000000c4200000, 0x00000000d5580000)
  object space 1116160K, 99% used [0x0000000080000000,0x00000000c4185020,0x00000000c4200000)
 Metaspace       used 98219K, committed 100224K, reserved 1179648K
  class space    used 9837K, committed 10752K, reserved 1048576K
}
Event: 680.654 GC heap before
{Heap before GC invocations=3238 (full 7):
 PSYoungGen      total 5120K, used 4768K [0x00000000d5580000, 0x00000000d5d00000, 0x0000000100000000)
  eden space 3072K, 100% used [0x00000000d5580000,0x00000000d5880000,0x00000000d5880000)
  from space 2048K, 82% used [0x00000000d5b00000,0x00000000d5ca8000,0x00000000d5d00000)
  to   space 2048K, 0% used [0x00000000d5900000,0x00000000d5900000,0x00000000d5b00000)
 ParOldGen       total 1116160K, used 1115668K [0x0000000080000000, 0x00000000c4200000, 0x00000000d5580000)
  object space 1116160K, 99% used [0x0000000080000000,0x00000000c4185020,0x00000000c4200000)
 Metaspace       used 98219K, committed 100224K, reserved 1179648K
  class space    used 9837K, committed 10752K, reserved 1048576K
}
Event: 680.659 GC heap after
{Heap after GC invocations=3238 (full 7):
 PSYoungGen      total 5632K, used 2032K [0x00000000d5580000, 0x00000000d6180000, 0x0000000100000000)
  eden space 3584K, 0% used [0x00000000d5580000,0x00000000d5580000,0x00000000d5900000)
  from space 2048K, 99% used [0x00000000d5900000,0x00000000d5afc028,0x00000000d5b00000)
  to   space 4096K, 0% used [0x00000000d5d80000,0x00000000d5d80000,0x00000000d6180000)
 ParOldGen       total 1117696K, used 1117317K [0x0000000080000000, 0x00000000c4380000, 0x00000000d5580000)
  object space 1117696K, 99% used [0x0000000080000000,0x00000000c4321760,0x00000000c4380000)
 Metaspace       used 98219K, committed 100224K, reserved 1179648K
  class space    used 9837K, committed 10752K, reserved 1048576K
}
Event: 680.804 GC heap before
{Heap before GC invocations=3239 (full 7):
 PSYoungGen      total 5632K, used 5616K [0x00000000d5580000, 0x00000000d6180000, 0x0000000100000000)
  eden space 3584K, 99% used [0x00000000d5580000,0x00000000d58ffff0,0x00000000d5900000)
  from space 2048K, 99% used [0x00000000d5900000,0x00000000d5afc028,0x00000000d5b00000)
  to   space 4096K, 0% used [0x00000000d5d80000,0x00000000d5d80000,0x00000000d6180000)
 ParOldGen       total 1117696K, used 1117317K [0x0000000080000000, 0x00000000c4380000, 0x00000000d5580000)
  object space 1117696K, 99% used [0x0000000080000000,0x00000000c4321760,0x00000000c4380000)
 Metaspace       used 98232K, committed 100224K, reserved 1179648K
  class space    used 9837K, committed 10752K, reserved 1048576K
}
Event: 680.811 GC heap after
{Heap after GC invocations=3239 (full 7):
 PSYoungGen      total 5632K, used 800K [0x00000000d5580000, 0x00000000d5e80000, 0x0000000100000000)
  eden space 4608K, 0% used [0x00000000d5580000,0x00000000d5580000,0x00000000d5a00000)
  from space 1024K, 78% used [0x00000000d5d80000,0x00000000d5e48020,0x00000000d5e80000)
  to   space 2048K, 0% used [0x00000000d5a80000,0x00000000d5a80000,0x00000000d5c80000)
 ParOldGen       total 1119744K, used 1119221K [0x0000000080000000, 0x00000000c4580000, 0x00000000d5580000)
  object space 1119744K, 99% used [0x0000000080000000,0x00000000c44fd760,0x00000000c4580000)
 Metaspace       used 98232K, committed 100224K, reserved 1179648K
  class space    used 9837K, committed 10752K, reserved 1048576K
}

Dll operation events (12 events):
Event: 0.052 Loaded shared library c:\Users\AbhishekDhankhar\.vscode\extensions\redhat.java-1.53.0-win32-x64\jre\21.0.10-win32-x86_64\bin\java.dll
Event: 0.166 Loaded shared library c:\Users\AbhishekDhankhar\.vscode\extensions\redhat.java-1.53.0-win32-x64\jre\21.0.10-win32-x86_64\bin\zip.dll
Event: 0.195 Loaded shared library C:\Users\AbhishekDhankhar\.vscode\extensions\redhat.java-1.53.0-win32-x64\jre\21.0.10-win32-x86_64\bin\instrument.dll
Event: 0.209 Loaded shared library C:\Users\AbhishekDhankhar\.vscode\extensions\redhat.java-1.53.0-win32-x64\jre\21.0.10-win32-x86_64\bin\net.dll
Event: 0.216 Loaded shared library C:\Users\AbhishekDhankhar\.vscode\extensions\redhat.java-1.53.0-win32-x64\jre\21.0.10-win32-x86_64\bin\nio.dll
Event: 0.222 Loaded shared library C:\Users\AbhishekDhankhar\.vscode\extensions\redhat.java-1.53.0-win32-x64\jre\21.0.10-win32-x86_64\bin\zip.dll
Event: 0.251 Loaded shared library C:\Users\AbhishekDhankhar\.vscode\extensions\redhat.java-1.53.0-win32-x64\jre\21.0.10-win32-x86_64\bin\jimage.dll
Event: 0.359 Loaded shared library c:\Users\AbhishekDhankhar\.vscode\extensions\redhat.java-1.53.0-win32-x64\jre\21.0.10-win32-x86_64\bin\verify.dll
Event: 4.460 Loaded shared library C:\Users\AbhishekDhankhar\AppData\Roaming\Code\User\globalStorage\redhat.java\1.53.0\config_win\org.eclipse.equinox.launcher\org.eclipse.equinox.launcher.win32.win32.x86_64_1.3.0.v20260203-2149\eclipse_11919.dll
Event: 8.647 Loaded shared library C:\Users\AbhishekDhankhar\AppData\Local\Temp\jna-1313334876\jna9457103424348741756.dll
Event: 14.279 Loaded shared library C:\Users\AbhishekDhankhar\.vscode\extensions\redhat.java-1.53.0-win32-x64\jre\21.0.10-win32-x86_64\bin\sunmscapi.dll
Event: 14.597 Loaded shared library C:\Users\AbhishekDhankhar\.vscode\extensions\redhat.java-1.53.0-win32-x64\jre\21.0.10-win32-x86_64\bin\extnet.dll

Deoptimization events (20 events):
Event: 679.305 Thread 0x0000016ff32411f0 Uncommon trap: trap_request=0xffffffde fr.pc=0x0000016f9cc4e590 relative=0x00000000000006f0
Event: 679.305 Thread 0x0000016ff32411f0 Uncommon trap: reason=class_check action=maybe_recompile pc=0x0000016f9cc4e590 method=java.util.concurrent.ConcurrentHashMap.get(Ljava/lang/Object;)Ljava/lang/Object; @ 93 c2
Event: 679.305 Thread 0x0000016ff32411f0 DEOPT PACKING pc=0x0000016f9cc4e590 sp=0x0000004354cfe5b0
Event: 679.305 Thread 0x0000016ff32411f0 DEOPT UNPACKING pc=0x0000016f9b7b3aa2 sp=0x0000004354cfe4b0 mode 2
Event: 680.676 Thread 0x0000016ff323dd70 Uncommon trap: trap_request=0xffffffde fr.pc=0x0000016f9c81be48 relative=0x0000000000002408
Event: 680.676 Thread 0x0000016ff323dd70 Uncommon trap: reason=class_check action=maybe_recompile pc=0x0000016f9c81be48 method=org.eclipse.jdt.internal.compiler.lookup.TypeSystem.getAnnotationType(Lorg/eclipse/jdt/internal/compiler/lookup/ReferenceBinding;Z)Lorg/eclipse/jdt/internal/compiler/loo
Event: 680.676 Thread 0x0000016ff323dd70 DEOPT PACKING pc=0x0000016f9c81be48 sp=0x00000043543fe010
Event: 680.676 Thread 0x0000016ff323dd70 DEOPT UNPACKING pc=0x0000016f9b7b3aa2 sp=0x00000043543fde98 mode 2
Event: 680.676 Thread 0x0000016ff323dd70 Uncommon trap: trap_request=0xffffffde fr.pc=0x0000016f9bf55c2c relative=0x00000000000007cc
Event: 680.676 Thread 0x0000016ff323dd70 Uncommon trap: reason=class_check action=maybe_recompile pc=0x0000016f9bf55c2c method=org.eclipse.jdt.internal.compiler.ast.ASTNode.resolveAnnotations(Lorg/eclipse/jdt/internal/compiler/lookup/BlockScope;[Lorg/eclipse/jdt/internal/compiler/ast/Annotation;
Event: 680.676 Thread 0x0000016ff323dd70 DEOPT PACKING pc=0x0000016f9bf55c2c sp=0x00000043543fe0d0
Event: 680.676 Thread 0x0000016ff323dd70 DEOPT UNPACKING pc=0x0000016f9b7b3aa2 sp=0x00000043543fe018 mode 2
Event: 680.681 Thread 0x0000016ff323dd70 Uncommon trap: trap_request=0xffffffde fr.pc=0x0000016f9cd7c5ac relative=0x00000000000001cc
Event: 680.681 Thread 0x0000016ff323dd70 Uncommon trap: reason=class_check action=maybe_recompile pc=0x0000016f9cd7c5ac method=org.eclipse.jdt.internal.compiler.ast.ASTNode.copySE8AnnotationsToType(Lorg/eclipse/jdt/internal/compiler/lookup/BlockScope;Lorg/eclipse/jdt/internal/compiler/lookup/Bin
Event: 680.681 Thread 0x0000016ff323dd70 DEOPT PACKING pc=0x0000016f9cd7c5ac sp=0x00000043543fe120
Event: 680.681 Thread 0x0000016ff323dd70 DEOPT UNPACKING pc=0x0000016f9b7b3aa2 sp=0x00000043543fe058 mode 2
Event: 680.708 Thread 0x0000016ff323dd70 Uncommon trap: trap_request=0xffffff45 fr.pc=0x0000016f9d303194 relative=0x0000000000000074
Event: 680.708 Thread 0x0000016ff323dd70 Uncommon trap: reason=unstable_if action=reinterpret pc=0x0000016f9d303194 method=org.eclipse.jdt.internal.compiler.classfmt.MethodInfoWithParameterAnnotations.getParameterAnnotations(I[C)[Lorg/eclipse/jdt/internal/compiler/env/IBinaryAnnotation; @ 4 c2
Event: 680.709 Thread 0x0000016ff323dd70 DEOPT PACKING pc=0x0000016f9d303194 sp=0x00000043543fe300
Event: 680.709 Thread 0x0000016ff323dd70 DEOPT UNPACKING pc=0x0000016f9b7b3aa2 sp=0x00000043543fe290 mode 2

Classes loaded (20 events):
Event: 572.529 Loading class jdk/internal/module/IllegalAccessLogger
Event: 572.529 Loading class jdk/internal/module/IllegalAccessLogger done
Event: 581.321 Loading class jdk/internal/module/IllegalAccessLogger
Event: 581.321 Loading class jdk/internal/module/IllegalAccessLogger done
Event: 582.946 Loading class jdk/internal/module/IllegalAccessLogger
Event: 582.946 Loading class jdk/internal/module/IllegalAccessLogger done
Event: 591.811 Loading class jdk/internal/module/IllegalAccessLogger
Event: 591.811 Loading class jdk/internal/module/IllegalAccessLogger done
Event: 595.067 Loading class jdk/internal/module/IllegalAccessLogger
Event: 595.067 Loading class jdk/internal/module/IllegalAccessLogger done
Event: 597.376 Loading class jdk/internal/module/IllegalAccessLogger
Event: 597.376 Loading class jdk/internal/module/IllegalAccessLogger done
Event: 611.044 Loading class jdk/internal/module/IllegalAccessLogger
Event: 611.044 Loading class jdk/internal/module/IllegalAccessLogger done
Event: 679.300 Loading class java/util/concurrent/ConcurrentHashMap$TreeNode
Event: 679.301 Loading class java/util/concurrent/ConcurrentHashMap$TreeNode done
Event: 679.301 Loading class java/util/concurrent/ConcurrentHashMap$TreeBin
Event: 679.303 Loading class java/util/concurrent/ConcurrentHashMap$TreeBin done
Event: 680.681 Loading class jdk/internal/module/IllegalAccessLogger
Event: 680.681 Loading class jdk/internal/module/IllegalAccessLogger done

Classes unloaded (20 events):
Event: 69.890 Thread 0x0000016f910d7a90 Unloading class 0x0000016fa97a6de0 'org/codehaus/plexus/interpolation/ValueSource'
Event: 69.890 Thread 0x0000016f910d7a90 Unloading class 0x0000016fa97a6a18 'org/apache/maven/shared/filtering/MavenResourcesExecution'
Event: 69.890 Thread 0x0000016f910d7a90 Unloading class 0x0000016fa97a6740 'org/apache/maven/shared/filtering/AbstractMavenFilteringRequest'
Event: 69.890 Thread 0x0000016f910d7a90 Unloading class 0x0000016fa97a64e0 'org/apache/maven/shared/filtering/MavenFilteringException'
Event: 69.890 Thread 0x0000016f910d7a90 Unloading class 0x0000016fa97a6290 'org/apache/maven/shared/filtering/DefaultMavenResourcesFiltering'
Event: 69.890 Thread 0x0000016f910d7a90 Unloading class 0x0000016fa97a4e00 'org/apache/maven/shared/filtering/MavenResourcesFiltering'
Event: 69.890 Thread 0x0000016f910d7a90 Unloading class 0x0000016fa97a6000 'org/apache/maven/shared/filtering/DefaultMavenReaderFilter'
Event: 69.890 Thread 0x0000016f910d7a90 Unloading class 0x0000016fa97a4c00 'org/apache/maven/shared/filtering/MavenReaderFilter'
Event: 69.890 Thread 0x0000016f910d7a90 Unloading class 0x0000016fa97a4960 'org/apache/maven/shared/filtering/DefaultMavenFileFilter'
Event: 69.890 Thread 0x0000016f910d7a90 Unloading class 0x0000016fa97a4710 'org/apache/maven/shared/filtering/BaseFilter'
Event: 69.890 Thread 0x0000016f910d7a90 Unloading class 0x0000016fa97a4510 'org/apache/maven/shared/filtering/MavenFileFilter'
Event: 69.890 Thread 0x0000016f910d7a90 Unloading class 0x0000016fa97a4310 'org/apache/maven/shared/filtering/DefaultFilterInfo'
Event: 69.890 Thread 0x0000016f910d7a90 Unloading class 0x0000016fa97a4000 'org/apache/maven/plugins/resources/TestResourcesMojo'
Event: 69.890 Thread 0x0000016f910d7a90 Unloading class 0x0000016fa97a3400 'org/apache/maven/plugins/maven_resources_plugin/HelpMojo'
Event: 69.890 Thread 0x0000016f910d7a90 Unloading class 0x0000016fa97a3b10 'org/apache/maven/plugins/resources/CopyResourcesMojo'
Event: 69.890 Thread 0x0000016f910d7a90 Unloading class 0x0000016fa97a3800 'org/apache/maven/plugins/resources/ResourcesMojo'
Event: 69.890 Thread 0x0000016f910d7a90 Unloading class 0x0000016fa9760800 'java/lang/invoke/LambdaForm$DMH+0x0000016fa9760800'
Event: 69.890 Thread 0x0000016f910d7a90 Unloading class 0x0000016fa9761000 'java/lang/invoke/LambdaForm$DMH+0x0000016fa9761000'
Event: 69.890 Thread 0x0000016f910d7a90 Unloading class 0x0000016fa9760c00 'java/lang/invoke/LambdaForm$DMH+0x0000016fa9760c00'
Event: 69.890 Thread 0x0000016f910d7a90 Unloading class 0x0000016fa9761400 'java/lang/invoke/LambdaForm$DMH+0x0000016fa9761400'

Classes redefined (0 events):
No events

Internal exceptions (20 events):
Event: 673.084 Thread 0x0000016ff32425a0 Exception <a 'sun/nio/fs/WindowsException'{0x00000000d5aba560}> (0x00000000d5aba560) 
thrown [s\src\hotspot\share\prims\jni.cpp, line 520]
Event: 673.092 Thread 0x0000016ff32425a0 Implicit null exception at 0x0000016f9d40be03 to 0x0000016f9d40c794
Event: 673.093 Thread 0x0000016ff32425a0 Exception <a 'sun/nio/fs/WindowsException'{0x00000000d5ae2fb8}> (0x00000000d5ae2fb8) 
thrown [s\src\hotspot\share\prims\jni.cpp, line 520]
Event: 673.093 Thread 0x0000016ff32425a0 Exception <a 'sun/nio/fs/WindowsException'{0x00000000d5ae3b20}> (0x00000000d5ae3b20) 
thrown [s\src\hotspot\share\prims\jni.cpp, line 520]
Event: 673.094 Thread 0x0000016ff32425a0 Exception <a 'sun/nio/fs/WindowsException'{0x00000000d5ae4f10}> (0x00000000d5ae4f10) 
thrown [s\src\hotspot\share\prims\jni.cpp, line 520]
Event: 673.094 Thread 0x0000016ff32425a0 Exception <a 'sun/nio/fs/WindowsException'{0x00000000d5ae57e8}> (0x00000000d5ae57e8) 
thrown [s\src\hotspot\share\prims\jni.cpp, line 520]
Event: 673.094 Thread 0x0000016ff32425a0 Exception <a 'sun/nio/fs/WindowsException'{0x00000000d5b32b50}> (0x00000000d5b32b50) 
thrown [s\src\hotspot\share\prims\jni.cpp, line 520]
Event: 673.094 Thread 0x0000016ff32425a0 Exception <a 'sun/nio/fs/WindowsException'{0x00000000d5b336b8}> (0x00000000d5b336b8) 
thrown [s\src\hotspot\share\prims\jni.cpp, line 520]
Event: 673.095 Thread 0x0000016ff32425a0 Exception <a 'sun/nio/fs/WindowsException'{0x00000000d5b349d8}> (0x00000000d5b349d8) 
thrown [s\src\hotspot\share\prims\jni.cpp, line 520]
Event: 673.095 Thread 0x0000016ff32425a0 Exception <a 'sun/nio/fs/WindowsException'{0x00000000d5b35540}> (0x00000000d5b35540) 
thrown [s\src\hotspot\share\prims\jni.cpp, line 520]
Event: 673.095 Thread 0x0000016ff32425a0 Exception <a 'sun/nio/fs/WindowsException'{0x00000000d5b36930}> (0x00000000d5b36930) 
thrown [s\src\hotspot\share\prims\jni.cpp, line 520]
Event: 673.095 Thread 0x0000016ff32425a0 Exception <a 'sun/nio/fs/WindowsException'{0x00000000d5b37208}> (0x00000000d5b37208) 
thrown [s\src\hotspot\share\prims\jni.cpp, line 520]
Event: 673.176 Thread 0x0000016ff32411f0 Implicit null exception at 0x0000016f9c886f6a to 0x0000016f9c88a3e8
Event: 673.188 Thread 0x0000016ff32411f0 Implicit null exception at 0x0000016f9d3b10b1 to 0x0000016f9d3b18cc
Event: 673.188 Thread 0x0000016ff32411f0 Implicit null exception at 0x0000016f9cba9bb5 to 0x0000016f9cba9d4c
Event: 673.192 Thread 0x0000016ff32411f0 Implicit null exception at 0x0000016f9cdd40ac to 0x0000016f9cdd4944
Event: 677.370 Thread 0x0000016ff32425a0 Implicit null exception at 0x0000016f9c3d4d7a to 0x0000016f9c3d4f3c
Event: 678.140 Thread 0x0000016ff32425a0 Exception <a 'java/lang/NoSuchMethodError'{0x00000000d5a1e9f0}: 'int java.lang.invoke.DirectMethodHandle$Holder.invokeVirtual(java.lang.Object, java.lang.Object, java.lang.Object, int)'> (0x00000000d5a1e9f0) 
thrown [s\src\hotspot\share\interpreter\linkResolver.cpp, line 773]
Event: 680.153 Thread 0x0000016fe9fa51e0 Exception <a 'sun/nio/fs/WindowsException'{0x00000000d58f9b60}> (0x00000000d58f9b60) 
thrown [s\src\hotspot\share\prims\jni.cpp, line 520]
Event: 680.738 Thread 0x0000016fe9fa51e0 Exception <a 'sun/nio/fs/WindowsException'{0x00000000d570b698}> (0x00000000d570b698) 
thrown [s\src\hotspot\share\prims\jni.cpp, line 520]

ZGC Phase Switch (0 events):
No events

VM Operations (20 events):
Event: 680.533 Executing safepoint VM operation: ParallelGCFailedAllocation (Allocation Failure) done
Event: 680.539 Executing safepoint VM operation: ParallelGCFailedAllocation (Allocation Failure)
Event: 680.543 Executing safepoint VM operation: ParallelGCFailedAllocation (Allocation Failure) done
Event: 680.552 Executing safepoint VM operation: ParallelGCFailedAllocation (Allocation Failure)
Event: 680.557 Executing safepoint VM operation: ParallelGCFailedAllocation (Allocation Failure) done
Event: 680.567 Executing safepoint VM operation: ParallelGCFailedAllocation (Allocation Failure)
Event: 680.572 Executing safepoint VM operation: ParallelGCFailedAllocation (Allocation Failure) done
Event: 680.578 Executing safepoint VM operation: ParallelGCFailedAllocation (Allocation Failure)
Event: 680.583 Executing safepoint VM operation: ParallelGCFailedAllocation (Allocation Failure) done
Event: 680.593 Executing safepoint VM operation: ParallelGCFailedAllocation (Allocation Failure)
Event: 680.600 Executing safepoint VM operation: ParallelGCFailedAllocation (Allocation Failure) done
Event: 680.616 Executing safepoint VM operation: ParallelGCFailedAllocation (Allocation Failure)
Event: 680.624 Executing safepoint VM operation: ParallelGCFailedAllocation (Allocation Failure) done
Event: 680.654 Executing safepoint VM operation: ParallelGCFailedAllocation (Allocation Failure)
Event: 680.659 Executing safepoint VM operation: ParallelGCFailedAllocation (Allocation Failure) done
Event: 680.804 Executing safepoint VM operation: ParallelGCFailedAllocation (Allocation Failure)
Event: 680.811 Executing safepoint VM operation: ParallelGCFailedAllocation (Allocation Failure) done
Event: 681.811 Executing safepoint VM operation: Cleanup
Event: 684.096 Executing safepoint VM operation: Cleanup done
Event: 684.096 Executing safepoint VM operation: ParallelGCFailedAllocation (Allocation Failure)

Memory protections (0 events):
No events

Nmethod flushes (20 events):
Event: 564.027 Thread 0x0000016f910d7a90 flushing  nmethod 0x0000016f971f6810
Event: 564.027 Thread 0x0000016f910d7a90 flushing  nmethod 0x0000016f971f7c90
Event: 564.027 Thread 0x0000016f910d7a90 flushing  nmethod 0x0000016f971f8390
Event: 564.027 Thread 0x0000016f910d7a90 flushing  nmethod 0x0000016f971fa410
Event: 564.027 Thread 0x0000016f910d7a90 flushing  nmethod 0x0000016f971fc510
Event: 564.027 Thread 0x0000016f910d7a90 flushing  nmethod 0x0000016f971fed90
Event: 564.027 Thread 0x0000016f910d7a90 flushing  nmethod 0x0000016f9720ee10
Event: 564.027 Thread 0x0000016f910d7a90 flushing  nmethod 0x0000016f97227b10
Event: 564.027 Thread 0x0000016f910d7a90 flushing  nmethod 0x0000016f97245c10
Event: 564.027 Thread 0x0000016f910d7a90 flushing  nmethod 0x0000016f97252210
Event: 564.027 Thread 0x0000016f910d7a90 flushing  nmethod 0x0000016f97255410
Event: 564.027 Thread 0x0000016f910d7a90 flushing  nmethod 0x0000016f9725fd90
Event: 564.027 Thread 0x0000016f910d7a90 flushing  nmethod 0x0000016f97266010
Event: 564.027 Thread 0x0000016f910d7a90 flushing  nmethod 0x0000016f9726f210
Event: 564.027 Thread 0x0000016f910d7a90 flushing  nmethod 0x0000016f97290f10
Event: 564.027 Thread 0x0000016f910d7a90 flushing  nmethod 0x0000016f972b0910
Event: 564.027 Thread 0x0000016f910d7a90 flushing  nmethod 0x0000016f972b1410
Event: 564.027 Thread 0x0000016f910d7a90 flushing  nmethod 0x0000016f972cb510
Event: 564.027 Thread 0x0000016f910d7a90 flushing  nmethod 0x0000016f972e9b90
Event: 564.027 Thread 0x0000016f910d7a90 flushing  nmethod 0x0000016f972ed710

Events (20 events):
Event: 607.377 Thread 0x0000016ff29e79a0 Thread exited: 0x0000016ff29e79a0
Event: 630.724 Thread 0x0000016ff323dd70 Thread added: 0x0000016ff301efa0
Event: 630.724 Thread 0x0000016ff301efa0 Thread exited: 0x0000016ff301efa0
Event: 630.733 Thread 0x0000016ff323dd70 Thread added: 0x0000016ff3021070
Event: 630.734 Thread 0x0000016ff3021070 Thread exited: 0x0000016ff3021070
Event: 667.378 Thread 0x0000016ff0d11c60 Thread exited: 0x0000016ff0d11c60
Event: 671.059 Thread 0x0000016ff3240b60 Thread exited: 0x0000016ff3240b60
Event: 672.990 Thread 0x0000016ff0d18560 Thread exited: 0x0000016ff0d18560
Event: 672.990 Thread 0x0000016fe9fa6590 Thread exited: 0x0000016fe9fa6590
Event: 672.990 Thread 0x0000016ff323ea90 Thread exited: 0x0000016ff323ea90
Event: 672.990 Thread 0x0000016fef4232f0 Thread exited: 0x0000016fef4232f0
Event: 672.990 Thread 0x0000016ff323d050 Thread exited: 0x0000016ff323d050
Event: 673.045 Thread 0x0000016fe9fa1d60 Thread exited: 0x0000016fe9fa1d60
Event: 673.227 Thread 0x0000016fe9f33b60 Thread added: 0x0000016ff31a2e00
Event: 673.390 Thread 0x0000016ff31a2e00 Thread exited: 0x0000016ff31a2e00
Event: 679.654 Thread 0x0000016fa7add6a0 Thread added: 0x0000016ffa059ce0
Event: 679.813 Thread 0x0000016ffa059ce0 Thread exited: 0x0000016ffa059ce0
Event: 680.095 Thread 0x0000016fe9fa6c20 Thread added: 0x0000016ff301efa0
Event: 680.126 Thread 0x0000016fe9fa6c20 Thread added: 0x0000016fef4218b0
Event: 680.682 Thread 0x0000016ff323dd70 Thread added: 0x0000016fef4232f0


Dynamic libraries:
0x00007ff7c8af0000 - 0x00007ff7c8afe000 	c:\Users\AbhishekDhankhar\.vscode\extensions\redhat.java-1.53.0-win32-x64\jre\21.0.10-win32-x86_64\bin\java.exe
0x00007ffc2bb60000 - 0x00007ffc2bdc9000 	C:\Windows\SYSTEM32\ntdll.dll
0x00007ffc2a0f0000 - 0x00007ffc2a1b9000 	C:\Windows\System32\KERNEL32.DLL
0x00007ffc29530000 - 0x00007ffc29923000 	C:\Windows\System32\KERNELBASE.dll
0x00007ffc28a00000 - 0x00007ffc28bb5000 	C:\Windows\system32\hmpalert.dll
0x00007ffc28810000 - 0x00007ffc289fc000 	C:\Windows\System32\SophosED\SophosED.dll
0x00007ffc28f00000 - 0x00007ffc2904b000 	C:\Windows\System32\ucrtbase.dll
0x00007ffc16230000 - 0x00007ffc1624e000 	c:\Users\AbhishekDhankhar\.vscode\extensions\redhat.java-1.53.0-win32-x64\jre\21.0.10-win32-x86_64\bin\VCRUNTIME140.dll
0x00007ffc15f90000 - 0x00007ffc15fa8000 	c:\Users\AbhishekDhankhar\.vscode\extensions\redhat.java-1.53.0-win32-x64\jre\21.0.10-win32-x86_64\bin\jli.dll
0x00007ffc29e70000 - 0x00007ffc2a034000 	C:\Windows\System32\USER32.dll
0x00007ffc293d0000 - 0x00007ffc293f7000 	C:\Windows\System32\win32u.dll
0x00007ffc29970000 - 0x00007ffc2999b000 	C:\Windows\System32\GDI32.dll
0x00007ffc29400000 - 0x00007ffc2952d000 	C:\Windows\System32\gdi32full.dll
0x00007ffc29290000 - 0x00007ffc29333000 	C:\Windows\System32\msvcp_win.dll
0x00007ffc0e710000 - 0x00007ffc0e9a3000 	C:\Windows\WinSxS\amd64_microsoft.windows.common-controls_6595b64144ccf1df_6.0.26100.5074_none_3e0d6f78e32fd63f\COMCTL32.dll
0x00007ffc2a040000 - 0x00007ffc2a0e9000 	C:\Windows\System32\msvcrt.dll
0x00007ffc2bae0000 - 0x00007ffc2bb0f000 	C:\Windows\System32\IMM32.DLL
0x00007ffc25090000 - 0x00007ffc2509c000 	c:\Users\AbhishekDhankhar\.vscode\extensions\redhat.java-1.53.0-win32-x64\jre\21.0.10-win32-x86_64\bin\vcruntime140_1.dll
0x00007ffbf1bf0000 - 0x00007ffbf1c7d000 	c:\Users\AbhishekDhankhar\.vscode\extensions\redhat.java-1.53.0-win32-x64\jre\21.0.10-win32-x86_64\bin\msvcp140.dll
0x00007ffb33530000 - 0x00007ffb342d1000 	c:\Users\AbhishekDhankhar\.vscode\extensions\redhat.java-1.53.0-win32-x64\jre\21.0.10-win32-x86_64\bin\server\jvm.dll
0x00007ffc2b590000 - 0x00007ffc2b644000 	C:\Windows\System32\ADVAPI32.dll
0x00007ffc2b4e0000 - 0x00007ffc2b586000 	C:\Windows\System32\sechost.dll
0x00007ffc29d50000 - 0x00007ffc29e68000 	C:\Windows\System32\RPCRT4.dll
0x00007ffc2b460000 - 0x00007ffc2b4d4000 	C:\Windows\System32\WS2_32.dll
0x00007ffc243b0000 - 0x00007ffc243e5000 	C:\Windows\SYSTEM32\WINMM.dll
0x00007ffc28610000 - 0x00007ffc2866e000 	C:\Windows\SYSTEM32\POWRPROF.dll
0x00007ffc20510000 - 0x00007ffc2051b000 	C:\Windows\SYSTEM32\VERSION.dll
0x00007ffc285f0000 - 0x00007ffc28604000 	C:\Windows\SYSTEM32\UMPDC.dll
0x00007ffc275b0000 - 0x00007ffc275cb000 	C:\Windows\SYSTEM32\kernel.appcore.dll
0x00007ffc250b0000 - 0x00007ffc250ba000 	c:\Users\AbhishekDhankhar\.vscode\extensions\redhat.java-1.53.0-win32-x64\jre\21.0.10-win32-x86_64\bin\jimage.dll
0x00007ffc25c60000 - 0x00007ffc25ea2000 	C:\Windows\SYSTEM32\DBGHELP.DLL
0x00007ffc2a880000 - 0x00007ffc2abfb000 	C:\Windows\System32\combase.dll
0x00007ffc2a6c0000 - 0x00007ffc2a797000 	C:\Windows\System32\OLEAUT32.dll
0x00007ffc20c10000 - 0x00007ffc20c4d000 	C:\Windows\SYSTEM32\dbgcore.DLL
0x00007ffc28e60000 - 0x00007ffc28ef9000 	C:\Windows\System32\bcryptPrimitives.dll
0x00007ffc250a0000 - 0x00007ffc250af000 	c:\Users\AbhishekDhankhar\.vscode\extensions\redhat.java-1.53.0-win32-x64\jre\21.0.10-win32-x86_64\bin\instrument.dll
0x00007ffc25010000 - 0x00007ffc25030000 	c:\Users\AbhishekDhankhar\.vscode\extensions\redhat.java-1.53.0-win32-x64\jre\21.0.10-win32-x86_64\bin\java.dll
0x00007ffc2ac80000 - 0x00007ffc2b3cd000 	C:\Windows\System32\SHELL32.dll
0x00007ffc28cf0000 - 0x00007ffc28e5c000 	C:\Windows\System32\wintypes.dll
0x00007ffc26220000 - 0x00007ffc26a79000 	C:\Windows\SYSTEM32\windows.storage.dll
0x00007ffc2a260000 - 0x00007ffc2a350000 	C:\Windows\System32\SHCORE.dll
0x00007ffc2a1d0000 - 0x00007ffc2a232000 	C:\Windows\System32\shlwapi.dll
0x00007ffc28c10000 - 0x00007ffc28c39000 	C:\Windows\SYSTEM32\profapi.dll
0x00007ffc15f60000 - 0x00007ffc15f78000 	c:\Users\AbhishekDhankhar\.vscode\extensions\redhat.java-1.53.0-win32-x64\jre\21.0.10-win32-x86_64\bin\zip.dll
0x00007ffc25000000 - 0x00007ffc25010000 	C:\Users\AbhishekDhankhar\.vscode\extensions\redhat.java-1.53.0-win32-x64\jre\21.0.10-win32-x86_64\bin\net.dll
0x00007ffc275d0000 - 0x00007ffc276ef000 	C:\Windows\SYSTEM32\WINHTTP.dll
0x00007ffc27c40000 - 0x00007ffc27cab000 	C:\Windows\system32\mswsock.dll
0x00007ffc15e00000 - 0x00007ffc15e16000 	C:\Users\AbhishekDhankhar\.vscode\extensions\redhat.java-1.53.0-win32-x64\jre\21.0.10-win32-x86_64\bin\nio.dll
0x00007ffc24e40000 - 0x00007ffc24e50000 	c:\Users\AbhishekDhankhar\.vscode\extensions\redhat.java-1.53.0-win32-x64\jre\21.0.10-win32-x86_64\bin\verify.dll
0x00007ffbf4d20000 - 0x00007ffbf4d65000 	C:\Users\AbhishekDhankhar\AppData\Roaming\Code\User\globalStorage\redhat.java\1.53.0\config_win\org.eclipse.equinox.launcher\org.eclipse.equinox.launcher.win32.win32.x86_64_1.3.0.v20260203-2149\eclipse_11919.dll
0x00007ffc2a420000 - 0x00007ffc2a5b8000 	C:\Windows\System32\ole32.dll
0x00007ffc28010000 - 0x00007ffc2802b000 	C:\Windows\SYSTEM32\CRYPTSP.dll
0x00007ffc27510000 - 0x00007ffc2754b000 	C:\Windows\system32\rsaenh.dll
0x00007ffc27ce0000 - 0x00007ffc27d0b000 	C:\Windows\SYSTEM32\USERENV.dll
0x00007ffc28be0000 - 0x00007ffc28c06000 	C:\Windows\SYSTEM32\bcrypt.dll
0x00007ffc27e70000 - 0x00007ffc27e7c000 	C:\Windows\SYSTEM32\CRYPTBASE.dll
0x00007ffc26da0000 - 0x00007ffc26dd4000 	C:\Windows\SYSTEM32\IPHLPAPI.DLL
0x00007ffc29d40000 - 0x00007ffc29d4a000 	C:\Windows\System32\NSI.dll
0x00007ffbea5e0000 - 0x00007ffbea629000 	C:\Users\AbhishekDhankhar\AppData\Local\Temp\jna-1313334876\jna9457103424348741756.dll
0x00007ffc29960000 - 0x00007ffc29968000 	C:\Windows\System32\PSAPI.DLL
0x00007ffc21880000 - 0x00007ffc2189e000 	C:\Windows\SYSTEM32\dhcpcsvc6.DLL
0x00007ffc21850000 - 0x00007ffc21873000 	C:\Windows\SYSTEM32\dhcpcsvc.DLL
0x00007ffc156b0000 - 0x00007ffc156be000 	C:\Users\AbhishekDhankhar\.vscode\extensions\redhat.java-1.53.0-win32-x64\jre\21.0.10-win32-x86_64\bin\sunmscapi.dll
0x00007ffc29050000 - 0x00007ffc291c7000 	C:\Windows\System32\CRYPT32.dll
0x00007ffc28160000 - 0x00007ffc28190000 	C:\Windows\SYSTEM32\ncrypt.dll
0x00007ffc28110000 - 0x00007ffc2814f000 	C:\Windows\SYSTEM32\NTASN1.dll
0x00007ffc26de0000 - 0x00007ffc26f06000 	C:\Windows\SYSTEM32\DNSAPI.dll
0x00007ffc20690000 - 0x00007ffc2069b000 	C:\Windows\System32\rasadhlp.dll
0x00007ffc21bf0000 - 0x00007ffc21c76000 	C:\Windows\System32\fwpuclnt.dll
0x00007ffc14310000 - 0x00007ffc14319000 	C:\Users\AbhishekDhankhar\.vscode\extensions\redhat.java-1.53.0-win32-x64\jre\21.0.10-win32-x86_64\bin\extnet.dll
0x00007ffc27800000 - 0x00007ffc27836000 	C:\Windows\SYSTEM32\ntmarta.dll

JVMTI agents:
c:\Users\AbhishekDhankhar\.vscode\extensions\redhat.java-1.53.0-win32-x64\lombok\lombok-1.18.39-4050.jar path:c:\Users\AbhishekDhankhar\.vscode\extensions\redhat.java-1.53.0-win32-x64\jre\21.0.10-win32-x86_64\bin\instrument.dll, loaded, initialized, instrumentlib options:none

dbghelp: loaded successfully - version: 4.0.5 - missing functions: none
symbol engine: initialized successfully - sym options: 0x614 - pdb path: .;c:\Users\AbhishekDhankhar\.vscode\extensions\redhat.java-1.53.0-win32-x64\jre\21.0.10-win32-x86_64\bin;C:\Windows\SYSTEM32;C:\Windows\System32\SophosED;C:\Windows\WinSxS\amd64_microsoft.windows.common-controls_6595b64144ccf1df_6.0.26100.5074_none_3e0d6f78e32fd63f;c:\Users\AbhishekDhankhar\.vscode\extensions\redhat.java-1.53.0-win32-x64\jre\21.0.10-win32-x86_64\bin\server;C:\Users\AbhishekDhankhar\AppData\Roaming\Code\User\globalStorage\redhat.java\1.53.0\config_win\org.eclipse.equinox.launcher\org.eclipse.equinox.launcher.win32.win32.x86_64_1.3.0.v20260203-2149;C:\Users\AbhishekDhankhar\AppData\Local\Temp\jna-1313334876

VM Arguments:
jvm_args: --add-modules=ALL-SYSTEM --add-opens=java.base/java.util=ALL-UNNAMED --add-opens=java.base/java.lang=ALL-UNNAMED --add-opens=java.base/sun.nio.fs=ALL-UNNAMED -Declipse.application=org.eclipse.jdt.ls.core.id1 -Dosgi.bundles.defaultStartLevel=4 -Declipse.product=org.eclipse.jdt.ls.core.product -Djava.import.generatesMetadataFilesAtProjectRoot=false -DDetectVMInstallationsJob.disabled=true -Dfile.encoding=utf8 -XX:+UseParallelGC -XX:GCTimeRatio=4 -XX:AdaptiveSizePolicyWeight=90 -Dsun.zip.disableMemoryMapping=true -Xmx2G -Xms100m -Xlog:disable -javaagent:c:\Users\AbhishekDhankhar\.vscode\extensions\redhat.java-1.53.0-win32-x64\lombok\lombok-1.18.39-4050.jar -XX:+HeapDumpOnOutOfMemoryError -XX:HeapDumpPath=c:\Users\AbhishekDhankhar\AppData\Roaming\Code\User\workspaceStorage\fd506bc7c8beeff290df24f8386e2c08\redhat.java -Daether.dependencyCollector.impl=bf 
java_command: c:\Users\AbhishekDhankhar\.vscode\extensions\redhat.java-1.53.0-win32-x64\server\plugins\org.eclipse.equinox.launcher_1.7.100.v20251111-0406.jar -configuration c:\Users\AbhishekDhankhar\AppData\Roaming\Code\User\globalStorage\redhat.java\1.53.0\config_win -data c:\Users\AbhishekDhankhar\AppData\Roaming\Code\User\workspaceStorage\fd506bc7c8beeff290df24f8386e2c08\redhat.java\jdt_ws --pipe=\\.\pipe\lsp-4ddc75d1a2ec21b89dc901f580e308f5-sock
java_class_path (initial): c:\Users\AbhishekDhankhar\.vscode\extensions\redhat.java-1.53.0-win32-x64\server\plugins\org.eclipse.equinox.launcher_1.7.100.v20251111-0406.jar
Launcher Type: SUN_STANDARD

[Global flags]
    uintx AdaptiveSizePolicyWeight                 = 90                                        {product} {command line}
     intx CICompilerCount                          = 4                                         {product} {ergonomic}
    uintx GCTimeRatio                              = 4                                         {product} {command line}
     bool HeapDumpOnOutOfMemoryError               = true                                   {manageable} {command line}
    ccstr HeapDumpPath                             = c:\Users\AbhishekDhankhar\AppData\Roaming\Code\User\workspaceStorage\fd506bc7c8beeff290df24f8386e2c08\redhat.java         {manageable} {command line}
   size_t InitialHeapSize                          = 104857600                                 {product} {command line}
   size_t MaxHeapSize                              = 2147483648                                {product} {command line}
   size_t MaxNewSize                               = 715653120                                 {product} {ergonomic}
   size_t MinHeapDeltaBytes                        = 524288                                    {product} {ergonomic}
   size_t MinHeapSize                              = 104857600                                 {product} {command line}
   size_t NewSize                                  = 34603008                                  {product} {ergonomic}
    uintx NonNMethodCodeHeapSize                   = 5839372                                {pd product} {ergonomic}
    uintx NonProfiledCodeHeapSize                  = 122909434                              {pd product} {ergonomic}
   size_t OldSize                                  = 70254592                                  {product} {ergonomic}
    uintx ProfiledCodeHeapSize                     = 122909434                              {pd product} {ergonomic}
    uintx ReservedCodeCacheSize                    = 251658240                              {pd product} {ergonomic}
     bool SegmentedCodeCache                       = true                                      {product} {ergonomic}
   size_t SoftMaxHeapSize                          = 2147483648                             {manageable} {ergonomic}
     bool UseCompressedOops                        = true                           {product lp64_product} {ergonomic}
     bool UseLargePagesIndividualAllocation        = false                                  {pd product} {ergonomic}
     bool UseParallelGC                            = true                                      {product} {command line}

Logging:
Log output configuration:
 #0: stdout all=off uptime,level,tags foldmultilines=false
 #1: stderr all=off uptime,level,tags foldmultilines=false

Release file:
JAVA_VERSION="21.0.10" 
MODULES="java.base java.compiler java.datatransfer java.xml java.prefs java.desktop java.instrument java.logging java.management java.security.sasl java.naming java.rmi java.management.rmi java.net.http java.scripting java.security.jgss java.transaction.xa java.sql java.sql.rowset java.xml.crypto java.se java.smartcardio jdk.accessibility jdk.internal.jvmstat jdk.attach jdk.charsets jdk.internal.opt jdk.zipfs jdk.compiler jdk.crypto.ec jdk.crypto.cryptoki jdk.crypto.mscapi jdk.dynalink jdk.internal.ed jdk.editpad jdk.hotspot.agent jdk.httpserver jdk.internal.le jdk.internal.vm.ci jdk.internal.vm.compiler jdk.internal.vm.compiler.management jdk.jartool jdk.javadoc jdk.jcmd jdk.management jdk.management.agent jdk.jconsole jdk.jdeps jdk.jdwp.agent jdk.jdi jdk.jfr jdk.jshell jdk.jsobject jdk.jstatd jdk.localedata jdk.management.jfr jdk.naming.dns jdk.naming.rmi jdk.net jdk.nio.mapmode jdk.random jdk.sctp jdk.security.auth jdk.security.jgss jdk.unsupported jdk.unsupported.desktop jdk.xml.dom" 

Environment Variables:
PATH=C:\Users\AbhishekDhankhar\AppData\Local\Programs\Microsoft VS Code;C:\Program Files\Common Files\Oracle\Java\javapath;C:\Program Files\Microsoft\jdk-11.0.21.9-hotspot\bin;C:\Windows\system32;C:\Windows;C:\Windows\System32\Wbem;C:\Windows\System32\WindowsPowerShell\v1.0\;C:\Windows\System32\OpenSSH\;C:\xampp\php;C:\composer;C:\Program Files\dotnet\;C:\Program Files\nodejs\;C:\Users\AbhishekDhankhar\AppData\Local\Microsoft\WindowsApps;C:\Users\AbhishekDhankhar\AppData\Local\Programs\Microsoft VS Code\bin;C:\Users\AbhishekDhankhar\AppData\Local\Programs\Git\cmd;C:\Users\AbhishekDhankhar\AppData\Roaming\npm
USERNAME=AbhishekDhankhar
OS=Windows_NT
PROCESSOR_IDENTIFIER=Intel64 Family 6 Model 186 Stepping 3, GenuineIntel
TMP=C:\Users\ABHISH~1\AppData\Local\Temp
TEMP=C:\Users\ABHISH~1\AppData\Local\Temp




Periodic native trim disabled

---------------  S Y S T E M  ---------------

OS:
 Windows 11 , 64 bit Build 26100 (10.0.26100.5074)
OS uptime: 14 days 2:13 hours
Hyper-V role detected

CPU: total 12 (initial active 12) (6 cores per cpu, 2 threads per core) family 6 model 186 stepping 3 microcode 0x4128, cx8, cmov, fxsr, ht, mmx, 3dnowpref, sse, sse2, sse3, ssse3, sse4.1, sse4.2, popcnt, lzcnt, tsc, tscinvbit, avx, avx2, aes, erms, clmul, bmi1, bmi2, adx, sha, fma, vzeroupper, clflush, clflushopt, clwb, hv, serialize, rdtscp, rdpid, fsrm, f16c, cet_ibt, cet_ss
Processor Information for processor 0
  Max Mhz: 1700, Current Mhz: 1700, Mhz Limit: 1700
Processor Information for processor 1
  Max Mhz: 1700, Current Mhz: 1700, Mhz Limit: 1700
Processor Information for processor 2
  Max Mhz: 1700, Current Mhz: 1700, Mhz Limit: 1700
Processor Information for processor 3
  Max Mhz: 1700, Current Mhz: 1700, Mhz Limit: 1700
Processor Information for processor 4
  Max Mhz: 1700, Current Mhz: 1200, Mhz Limit: 1190
Processor Information for processor 5
  Max Mhz: 1700, Current Mhz: 1200, Mhz Limit: 1190
Processor Information for processor 6
  Max Mhz: 1700, Current Mhz: 1200, Mhz Limit: 1190
Processor Information for processor 7
  Max Mhz: 1700, Current Mhz: 1200, Mhz Limit: 1190
Processor Information for processor 8
  Max Mhz: 1700, Current Mhz: 1200, Mhz Limit: 1190
Processor Information for processor 9
  Max Mhz: 1700, Current Mhz: 1200, Mhz Limit: 1190
Processor Information for processor 10
  Max Mhz: 1700, Current Mhz: 1200, Mhz Limit: 1190
Processor Information for processor 11
  Max Mhz: 1700, Current Mhz: 1200, Mhz Limit: 1190

Memory: 4k page, system-wide physical 16057M (526M free)
TotalPageFile size 51306M (AvailPageFile size 33M)
current process WorkingSet (physical memory assigned to process): 903M, peak: 1642M
current process commit charge ("private bytes"): 1550M, peak: 1817M

vm_info: OpenJDK 64-Bit Server VM (21.0.10+7-LTS) for windows-amd64 JRE (21.0.10+7-LTS), built on 2026-01-20T00:00:00Z by "admin" with MS VC++ 17.12 (VS2022)

END.
